0 info it worked if it ends with ok
1 verbose cli [ '/usr/bin/nodejs',
1 verbose cli   '/usr/bin/npm',
1 verbose cli   'install',
1 verbose cli   '-g',
1 verbose cli   'johnny-five' ]
2 info using npm@1.3.10
3 info using node@v0.10.25
4 verbose cache add [ 'johnny-five', null ]
5 verbose cache add name=undefined spec="johnny-five" args=["johnny-five",null]
6 verbose parsed url { protocol: null,
6 verbose parsed url   slashes: null,
6 verbose parsed url   auth: null,
6 verbose parsed url   host: null,
6 verbose parsed url   port: null,
6 verbose parsed url   hostname: null,
6 verbose parsed url   hash: null,
6 verbose parsed url   search: null,
6 verbose parsed url   query: null,
6 verbose parsed url   pathname: 'johnny-five',
6 verbose parsed url   path: 'johnny-five',
6 verbose parsed url   href: 'johnny-five' }
7 silly lockFile da7ffa14-johnny-five johnny-five
8 verbose lock johnny-five /root/.npm/da7ffa14-johnny-five.lock
9 silly lockFile da7ffa14-johnny-five johnny-five
10 silly lockFile da7ffa14-johnny-five johnny-five
11 verbose addNamed [ 'johnny-five', '' ]
12 verbose addNamed [ null, '*' ]
13 silly lockFile 22931f58-johnny-five johnny-five@
14 verbose lock johnny-five@ /root/.npm/22931f58-johnny-five.lock
15 silly addNameRange { name: 'johnny-five', range: '*', hasData: false }
16 verbose url raw johnny-five
17 verbose url resolving [ 'https://registry.npmjs.org/', './johnny-five' ]
18 verbose url resolved https://registry.npmjs.org/johnny-five
19 info trying registry request attempt 1 at 23:41:23
20 http GET https://registry.npmjs.org/johnny-five
21 info retry will retry, error on last attempt: Error: getaddrinfo ENOTFOUND
22 info trying registry request attempt 2 at 23:41:33
23 http GET https://registry.npmjs.org/johnny-five
24 info retry will retry, error on last attempt: Error: getaddrinfo ENOTFOUND
25 info trying registry request attempt 3 at 23:42:34
26 http GET https://registry.npmjs.org/johnny-five
27 silly lockFile 22931f58-johnny-five johnny-five@
28 silly lockFile 22931f58-johnny-five johnny-five@
29 error network getaddrinfo ENOTFOUND
29 error network This is most likely not a problem with npm itself
29 error network and is related to network connectivity.
29 error network In most cases you are behind a proxy or have bad network settings.
29 error network
29 error network If you are behind a proxy, please make sure that the
29 error network 'proxy' config is set properly.  See: 'npm help config'
30 error System Linux 3.8.13-bone47
31 error command "/usr/bin/nodejs" "/usr/bin/npm" "install" "-g" "johnny-five"
32 error cwd /var/lib/cloud9/johnny-five
33 error node -v v0.10.25
34 error npm -v 1.3.10
35 error syscall getaddrinfo
36 error code ENOTFOUND
37 error errno ENOTFOUND
38 verbose exit [ 1, true ]
